#
# There is insufficient memory for the Java Runtime Environment to continue.
# Native memory allocation (malloc) failed to allocate 32744 bytes. Error detail: Chunk::new
# Possible reasons:
#   The system is out of physical RAM or swap space
#   This process is running with CompressedOops enabled, and the Java Heap may be blocking the growth of the native heap
# Possible solutions:
#   Reduce memory load on the system
#   Increase physical memory or swap space
#   Check if swap backing store is full
#   Decrease Java heap size (-Xmx/-Xms)
#   Decrease number of Java threads
#   Decrease Java thread stack sizes (-Xss)
#   Set larger code cache with -XX:ReservedCodeCacheSize=
#   JVM is running with Unscaled Compressed Oops mode in which the Java heap is
#     placed in the first 4GB address space. The Java Heap base address is the
#     maximum limit for the native heap growth. Please use -XX:HeapBaseMinAddress
#     to set the Java Heap base and to place the Java Heap above 4GB virtual address.
# This output file may be truncated or incomplete.
#
#  Out of Memory Error (arena.cpp:168), pid=114904, tid=102196
#
# JRE version: OpenJDK Runtime Environment Temurin-21.0.8+9 (21.0.8+9) (build 21.0.8+9-LTS)
# Java VM: OpenJDK 64-Bit Server VM Temurin-21.0.8+9 (21.0.8+9-LTS, mixed mode, sharing, tiered, compressed oops, compressed class ptrs, parallel gc, windows-amd64)
# No core dump will be written. Minidumps are not enabled by default on client versions of Windows
#

---------------  S U M M A R Y ------------

Command Line: --add-modules=ALL-SYSTEM --add-opens=java.base/java.util=ALL-UNNAMED --add-opens=java.base/java.lang=ALL-UNNAMED --add-opens=java.base/sun.nio.fs=ALL-UNNAMED -Declipse.application=org.eclipse.jdt.ls.core.id1 -Dosgi.bundles.defaultStartLevel=4 -Declipse.product=org.eclipse.jdt.ls.core.product -Djava.import.generatesMetadataFilesAtProjectRoot=false -DDetectVMInstallationsJob.disabled=true -Dfile.encoding=utf8 -XX:+UseParallelGC -XX:GCTimeRatio=4 -XX:AdaptiveSizePolicyWeight=90 -Dsun.zip.disableMemoryMapping=true -Xmx2G -Xms100m -Xlog:disable -javaagent:c:\Users\irisrodrigues-ieg\.vscode\extensions\redhat.java-1.46.0-win32-x64\lombok\lombok-1.18.39-4050.jar -XX:+HeapDumpOnOutOfMemoryError -XX:HeapDumpPath=c:\Users\irisrodrigues-ieg\AppData\Roaming\Code\User\workspaceStorage\e846d9b75314f79555a0b9915ae082f2\redhat.java -Daether.dependencyCollector.impl=bf c:\Users\irisrodrigues-ieg\.vscode\extensions\redhat.java-1.46.0-win32-x64\server\plugins\org.eclipse.equinox.launcher_1.7.0.v20250519-0528.jar -configuration c:\Users\irisrodrigues-ieg\AppData\Roaming\Code\User\globalStorage\redhat.java\1.46.0\config_win -data c:\Users\irisrodrigues-ieg\AppData\Roaming\Code\User\workspaceStorage\e846d9b75314f79555a0b9915ae082f2\redhat.java\jdt_ws --pipe=\\.\pipe\lsp-d24b625e4484c7d0068cd0cc1a3a7718-sock

Host: 12th Gen Intel(R) Core(TM) i7-1255U, 12 cores, 15G,  Windows 11 , 64 bit Build 26100 (10.0.26100.5074)
Time: Mon Oct 20 10:30:44 2025 Hora oficial do Brasil elapsed time: 76.276743 seconds (0d 0h 1m 16s)

---------------  T H R E A D  ---------------

Current thread (0x000001c86c87e920):  JavaThread "C2 CompilerThread0" daemon [_thread_in_native, id=102196, stack(0x000000ba8e700000,0x000000ba8e800000) (1024K)]


Current CompileTask:
C2:76276 3872       4       org.objectweb.asm.ClassReader::readUtf (44 bytes)

Stack: [0x000000ba8e700000,0x000000ba8e800000]
Native frames: (J=compiled Java code, j=interpreted, Vv=VM code, C=native code)
V  [jvm.dll+0x6d2449]
V  [jvm.dll+0x8ae341]
V  [jvm.dll+0x8b08be]
V  [jvm.dll+0x8b0fa3]
V  [jvm.dll+0x280c96]
V  [jvm.dll+0xc581d]
V  [jvm.dll+0xc5d53]
V  [jvm.dll+0xa2505]
V  [jvm.dll+0x65b0dd]
V  [jvm.dll+0x660abd]
V  [jvm.dll+0x6619f6]
V  [jvm.dll+0x65fd8e]
V  [jvm.dll+0x248d55]
V  [jvm.dll+0x2484af]
V  [jvm.dll+0x1c89ee]
V  [jvm.dll+0x257d4d]
V  [jvm.dll+0x2562ea]
V  [jvm.dll+0x3f2d16]
V  [jvm.dll+0x857e6b]
V  [jvm.dll+0x6d0b0d]
C  [ucrtbase.dll+0x37b0]
C  [KERNEL32.DLL+0x2e8d7]
C  [ntdll.dll+0x8d9c]


---------------  P R O C E S S  ---------------

Threads class SMR info:
_java_thread_list=0x000001c871dfcd00, length=23, elements={
0x000001c853eeb130, 0x000001c86a98d920, 0x000001c86a98e730, 0x000001c86c875410,
0x000001c86c876620, 0x000001c86c87b090, 0x000001c86c87bae0, 0x000001c86c87e920,
0x000001c86c88b570, 0x000001c853f59d70, 0x000001c86cbd6670, 0x000001c87183b820,
0x000001c8716ed620, 0x000001c86cc400a0, 0x000001c87180b3d0, 0x000001c8710e6e80,
0x000001c8719a2840, 0x000001c8711c25a0, 0x000001c873ce8b70, 0x000001c873c1cd10,
0x000001c873c1b960, 0x000001c873c1bff0, 0x000001c872894770
}

Java Threads: ( => current thread )
  0x000001c853eeb130 JavaThread "main"                              [_thread_blocked, id=109484, stack(0x000000ba8dd00000,0x000000ba8de00000) (1024K)]
  0x000001c86a98d920 JavaThread "Reference Handler"          daemon [_thread_blocked, id=108856, stack(0x000000ba8e100000,0x000000ba8e200000) (1024K)]
  0x000001c86a98e730 JavaThread "Finalizer"                  daemon [_thread_blocked, id=103328, stack(0x000000ba8e200000,0x000000ba8e300000) (1024K)]
  0x000001c86c875410 JavaThread "Signal Dispatcher"          daemon [_thread_blocked, id=23844, stack(0x000000ba8e300000,0x000000ba8e400000) (1024K)]
  0x000001c86c876620 JavaThread "Attach Listener"            daemon [_thread_blocked, id=106312, stack(0x000000ba8e400000,0x000000ba8e500000) (1024K)]
  0x000001c86c87b090 JavaThread "Service Thread"             daemon [_thread_blocked, id=84788, stack(0x000000ba8e500000,0x000000ba8e600000) (1024K)]
  0x000001c86c87bae0 JavaThread "Monitor Deflation Thread"   daemon [_thread_blocked, id=104972, stack(0x000000ba8e600000,0x000000ba8e700000) (1024K)]
=>0x000001c86c87e920 JavaThread "C2 CompilerThread0"         daemon [_thread_in_native, id=102196, stack(0x000000ba8e700000,0x000000ba8e800000) (1024K)]
  0x000001c86c88b570 JavaThread "C1 CompilerThread0"         daemon [_thread_in_native, id=40468, stack(0x000000ba8e800000,0x000000ba8e900000) (1024K)]
  0x000001c853f59d70 JavaThread "Common-Cleaner"             daemon [_thread_blocked, id=101780, stack(0x000000ba8e900000,0x000000ba8ea00000) (1024K)]
  0x000001c86cbd6670 JavaThread "Notification Thread"        daemon [_thread_blocked, id=106440, stack(0x000000ba8eb00000,0x000000ba8ec00000) (1024K)]
  0x000001c87183b820 JavaThread "Active Thread: Equinox Container: 6339566b-028c-4b0f-9e27-13b1a6299f65"        [_thread_blocked, id=110752, stack(0x000000ba8ea00000,0x000000ba8eb00000) (1024K)]
  0x000001c8716ed620 JavaThread "Refresh Thread: Equinox Container: 6339566b-028c-4b0f-9e27-13b1a6299f65" daemon [_thread_blocked, id=116384, stack(0x000000ba8f300000,0x000000ba8f400000) (1024K)]
  0x000001c86cc400a0 JavaThread "Framework Event Dispatcher: Equinox Container: 6339566b-028c-4b0f-9e27-13b1a6299f65" daemon [_thread_blocked, id=103740, stack(0x000000ba8f400000,0x000000ba8f500000) (1024K)]
  0x000001c87180b3d0 JavaThread "Start Level: Equinox Container: 6339566b-028c-4b0f-9e27-13b1a6299f65" daemon [_thread_in_Java, id=115888, stack(0x000000ba8f500000,0x000000ba8f600000) (1024K)]
  0x000001c8710e6e80 JavaThread "Bundle File Closer"         daemon [_thread_blocked, id=108444, stack(0x000000ba8f800000,0x000000ba8f900000) (1024K)]
  0x000001c8719a2840 JavaThread "SCR Component Actor"        daemon [_thread_blocked, id=113444, stack(0x000000ba8f900000,0x000000ba8fa00000) (1024K)]
  0x000001c8711c25a0 JavaThread "Worker-JM"                         [_thread_blocked, id=112544, stack(0x000000ba8fa00000,0x000000ba8fb00000) (1024K)]
  0x000001c873ce8b70 JavaThread "JNA Cleaner"                daemon [_thread_blocked, id=118456, stack(0x000000ba8dc00000,0x000000ba8dd00000) (1024K)]
  0x000001c873c1cd10 JavaThread "Worker-0: Checking project encoding"        [_thread_blocked, id=114604, stack(0x000000ba8fb00000,0x000000ba8fc00000) (1024K)]
  0x000001c873c1b960 JavaThread "Worker-1: Refreshing workspace"        [_thread_blocked, id=118124, stack(0x000000ba8fc00000,0x000000ba8fd00000) (1024K)]
  0x000001c873c1bff0 JavaThread "Worker-2"                          [_thread_blocked, id=115776, stack(0x000000ba8db00000,0x000000ba8dc00000) (1024K)]
  0x000001c872894770 JavaThread "C2 CompilerThread1"         daemon [_thread_in_native, id=115188, stack(0x000000ba8fd00000,0x000000ba8fe00000) (1024K)]
Total: 23

Other Threads:
  0x000001c86a9723e0 VMThread "VM Thread"                           [id=107892, stack(0x000000ba8e000000,0x000000ba8e100000) (1024K)]
  0x000001c86a86ca00 WatcherThread "VM Periodic Task Thread"        [id=105964, stack(0x000000ba8df00000,0x000000ba8e000000) (1024K)]
  0x000001c853f09900 WorkerThread "GC Thread#0"                     [id=648, stack(0x000000ba8de00000,0x000000ba8df00000) (1024K)]
  0x000001c8710ff250 WorkerThread "GC Thread#1"                     [id=55860, stack(0x000000ba8ec00000,0x000000ba8ed00000) (1024K)]
  0x000001c871164880 WorkerThread "GC Thread#2"                     [id=105540, stack(0x000000ba8ed00000,0x000000ba8ee00000) (1024K)]
  0x000001c871164c20 WorkerThread "GC Thread#3"                     [id=109404, stack(0x000000ba8ee00000,0x000000ba8ef00000) (1024K)]
  0x000001c8711758d0 WorkerThread "GC Thread#4"                     [id=109108, stack(0x000000ba8ef00000,0x000000ba8f000000) (1024K)]
  0x000001c871175c70 WorkerThread "GC Thread#5"                     [id=118440, stack(0x000000ba8f000000,0x000000ba8f100000) (1024K)]
  0x000001c871433620 WorkerThread "GC Thread#6"                     [id=103364, stack(0x000000ba8f100000,0x000000ba8f200000) (1024K)]
  0x000001c871765eb0 WorkerThread "GC Thread#7"                     [id=118280, stack(0x000000ba8f200000,0x000000ba8f300000) (1024K)]
  0x000001c86c942860 WorkerThread "GC Thread#8"                     [id=118808, stack(0x000000ba8f600000,0x000000ba8f700000) (1024K)]
  0x000001c86c941d80 WorkerThread "GC Thread#9"                     [id=110988, stack(0x000000ba8f700000,0x000000ba8f800000) (1024K)]
Total: 12

Threads with active compile tasks:
C2 CompilerThread0  77384 3872       4       org.objectweb.asm.ClassReader::readUtf (44 bytes)
C1 CompilerThread0  77384 3935       3       org.apache.felix.resolver.PackageSpaces::mergeCandidatePackages (436 bytes)
Total: 2

VM state: not at safepoint (normal execution)

VM Mutex/Monitor currently owned by a thread: None

Heap address: 0x0000000080000000, size: 2048 MB, Compressed Oops mode: 32-bit

CDS archive(s) mapped at: [0x000001c800000000-0x000001c800ba0000-0x000001c800ba0000), size 12189696, SharedBaseAddress: 0x000001c800000000, ArchiveRelocationMode: 1.
Compressed class space mapped at: 0x000001c801000000-0x000001c841000000, reserved size: 1073741824
Narrow klass base: 0x000001c800000000, Narrow klass shift: 0, Narrow klass range: 0x100000000

GC Precious Log:
 CardTable entry size: 512
 CPUs: 12 total, 12 available
 Memory: 16068M
 Large Page Support: Disabled
 NUMA Support: Disabled
 Compressed Oops: Enabled (32-bit)
 Alignments: Space 512K, Generation 512K, Heap 2M
 Heap Min Capacity: 100M
 Heap Initial Capacity: 100M
 Heap Max Capacity: 2G
 Pre-touch: Disabled
 Parallel Workers: 10

Heap:
 PSYoungGen      total 27648K, used 11424K [0x00000000d5580000, 0x00000000d7a00000, 0x0000000100000000)
  eden space 23552K, 31% used [0x00000000d5580000,0x00000000d5ca9fb0,0x00000000d6c80000)
  from space 4096K, 99% used [0x00000000d7280000,0x00000000d767e100,0x00000000d7680000)
  to   space 6144K, 0% used [0x00000000d6c80000,0x00000000d6c80000,0x00000000d7280000)
 ParOldGen       total 68608K, used 9420K [0x0000000080000000, 0x0000000084300000, 0x00000000d5580000)
  object space 68608K, 13% used [0x0000000080000000,0x00000000809330b8,0x0000000084300000)
 Metaspace       used 19050K, committed 19840K, reserved 1114112K
  class space    used 1967K, committed 2304K, reserved 1048576K

Card table byte_map: [0x000001c853890000,0x000001c853ca0000] _byte_map_base: 0x000001c853490000

Marking Bits: (ParMarkBitMap*) 0x00007ffc81a0a340
 Begin Bits: [0x000001c866390000, 0x000001c868390000)
 End Bits:   [0x000001c868390000, 0x000001c86a390000)

Polling page: 0x000001c852120000

Metaspace:

Usage:
  Non-class:     16.68 MB used.
      Class:      1.92 MB used.
       Both:     18.60 MB used.

Virtual space:
  Non-class space:       64.00 MB reserved,      17.12 MB ( 27%) committed,  1 nodes.
      Class space:        1.00 GB reserved,       2.25 MB ( <1%) committed,  1 nodes.
             Both:        1.06 GB reserved,      19.38 MB (  2%) committed. 

Chunk freelists:
   Non-Class:  14.66 MB
       Class:  13.64 MB
        Both:  28.30 MB

MaxMetaspaceSize: unlimited
CompressedClassSpaceSize: 1.00 GB
Initial GC threshold: 21.00 MB
Current GC threshold: 21.00 MB
CDS: on
 - commit_granule_bytes: 65536.
 - commit_granule_words: 8192.
 - virtual_space_node_default_size: 8388608.
 - enlarge_chunks_in_place: 1.
 - use_allocation_guard: 0.


Internal statistics:

num_allocs_failed_limit: 0.
num_arena_births: 560.
num_arena_deaths: 0.
num_vsnodes_births: 2.
num_vsnodes_deaths: 0.
num_space_committed: 310.
num_space_uncommitted: 0.
num_chunks_returned_to_freelist: 0.
num_chunks_taken_from_freelist: 1270.
num_chunk_merges: 0.
num_chunk_splits: 797.
num_chunks_enlarged: 514.
num_inconsistent_stats: 0.

CodeHeap 'non-profiled nmethods': size=120000Kb used=1713Kb max_used=1713Kb free=118286Kb
 bounds [0x000001c85ebb0000, 0x000001c85ee20000, 0x000001c8660e0000]
CodeHeap 'profiled nmethods': size=120000Kb used=8022Kb max_used=8022Kb free=111977Kb
 bounds [0x000001c8570e0000, 0x000001c8578c0000, 0x000001c85e610000]
CodeHeap 'non-nmethods': size=5760Kb used=1281Kb max_used=1321Kb free=4479Kb
 bounds [0x000001c85e610000, 0x000001c85e880000, 0x000001c85ebb0000]
CodeCache: size=245760Kb, used=11016Kb, max_used=11056Kb, free=234742Kb
 total_blobs=4485, nmethods=3927, adapters=464, full_count=0
Compilation: enabled, stopped_count=0, restarted_count=0

Compilation events (20 events):
Event: 74.197 Thread 0x000001c86c88b570 nmethod 3854 0x000001c857873490 code [0x000001c857873700, 0x000001c857874108]
Event: 74.197 Thread 0x000001c86c88b570 3855       3       org.objectweb.asm.MethodVisitor::visitVarInsn (17 bytes)
Event: 74.198 Thread 0x000001c86c88b570 nmethod 3855 0x000001c857874490 code [0x000001c857874640, 0x000001c857874848]
Event: 74.198 Thread 0x000001c86c88b570 3856       3       org.objectweb.asm.MethodWriter::visitVarInsn (302 bytes)
Event: 74.199 Thread 0x000001c86c88b570 nmethod 3856 0x000001c857874910 code [0x000001c857874b80, 0x000001c857875500]
Event: 74.199 Thread 0x000001c86c88b570 3857       3       org.objectweb.asm.tree.LineNumberNode::accept (16 bytes)
Event: 74.200 Thread 0x000001c86c88b570 nmethod 3857 0x000001c857875790 code [0x000001c857875960, 0x000001c857875d18]
Event: 74.200 Thread 0x000001c86c88b570 3849       3       org.objectweb.asm.SymbolTable$Entry::<init> (20 bytes)
Event: 74.200 Thread 0x000001c86c87e920 3859       4       java.lang.ThreadLocal::get (8 bytes)
Event: 74.200 Thread 0x000001c86c88b570 nmethod 3849 0x000001c857875e90 code [0x000001c857876040, 0x000001c857876198]
Event: 74.201 Thread 0x000001c86c88b570 3858       1       org.objectweb.asm.tree.InsnList::getLast (5 bytes)
Event: 74.201 Thread 0x000001c86c88b570 nmethod 3858 0x000001c85ed57310 code [0x000001c85ed574a0, 0x000001c85ed57568]
Event: 74.201 Thread 0x000001c872894770 3860       4       java.lang.ThreadLocal::get (35 bytes)
Event: 74.206 Thread 0x000001c86c87e920 nmethod 3859 0x000001c85ed57610 code [0x000001c85ed577c0, 0x000001c85ed57960]
Event: 74.206 Thread 0x000001c872894770 nmethod 3860 0x000001c85ed57b10 code [0x000001c85ed57cc0, 0x000001c85ed57e50]
Event: 74.211 Thread 0x000001c86c88b570 3861       1       java.util.concurrent.CopyOnWriteArrayList::setArray (6 bytes)
Event: 74.212 Thread 0x000001c86c88b570 nmethod 3861 0x000001c85ed58010 code [0x000001c85ed581a0, 0x000001c85ed58288]
Event: 74.213 Thread 0x000001c86c88b570 3862       3       org.objectweb.asm.ClassReader::readCode (5117 bytes)
Event: 74.225 Thread 0x000001c86c87e920 3872       4       org.objectweb.asm.ClassReader::readUtf (44 bytes)
Event: 74.226 Thread 0x000001c872894770 3873       4       org.objectweb.asm.ClassReader::readUTF8 (23 bytes)

GC Heap History (12 events):
Event: 1.905 GC heap before
{Heap before GC invocations=1 (full 0):
 PSYoungGen      total 29696K, used 25600K [0x00000000d5580000, 0x00000000d7680000, 0x0000000100000000)
  eden space 25600K, 100% used [0x00000000d5580000,0x00000000d6e80000,0x00000000d6e80000)
  from space 4096K, 0% used [0x00000000d7280000,0x00000000d7280000,0x00000000d7680000)
  to   space 4096K, 0% used [0x00000000d6e80000,0x00000000d6e80000,0x00000000d7280000)
 ParOldGen       total 68608K, used 0K [0x0000000080000000, 0x0000000084300000, 0x00000000d5580000)
  object space 68608K, 0% used [0x0000000080000000,0x0000000080000000,0x0000000084300000)
 Metaspace       used 4294K, committed 4544K, reserved 1114112K
  class space    used 470K, committed 576K, reserved 1048576K
}
Event: 1.918 GC heap after
{Heap after GC invocations=1 (full 0):
 PSYoungGen      total 29696K, used 3335K [0x00000000d5580000, 0x00000000d7680000, 0x0000000100000000)
  eden space 25600K, 0% used [0x00000000d5580000,0x00000000d5580000,0x00000000d6e80000)
  from space 4096K, 81% used [0x00000000d6e80000,0x00000000d71c1e18,0x00000000d7280000)
  to   space 4096K, 0% used [0x00000000d7280000,0x00000000d7280000,0x00000000d7680000)
 ParOldGen       total 68608K, used 16K [0x0000000080000000, 0x0000000084300000, 0x00000000d5580000)
  object space 68608K, 0% used [0x0000000080000000,0x0000000080004000,0x0000000084300000)
 Metaspace       used 4294K, committed 4544K, reserved 1114112K
  class space    used 470K, committed 576K, reserved 1048576K
}
Event: 14.780 GC heap before
{Heap before GC invocations=2 (full 0):
 PSYoungGen      total 29696K, used 28935K [0x00000000d5580000, 0x00000000d7680000, 0x0000000100000000)
  eden space 25600K, 100% used [0x00000000d5580000,0x00000000d6e80000,0x00000000d6e80000)
  from space 4096K, 81% used [0x00000000d6e80000,0x00000000d71c1e18,0x00000000d7280000)
  to   space 4096K, 0% used [0x00000000d7280000,0x00000000d7280000,0x00000000d7680000)
 ParOldGen       total 68608K, used 16K [0x0000000080000000, 0x0000000084300000, 0x00000000d5580000)
  object space 68608K, 0% used [0x0000000080000000,0x0000000080004000,0x0000000084300000)
 Metaspace       used 7941K, committed 8192K, reserved 1114112K
  class space    used 828K, committed 960K, reserved 1048576K
}
Event: 14.795 GC heap after
{Heap after GC invocations=2 (full 0):
 PSYoungGen      total 29696K, used 4085K [0x00000000d5580000, 0x00000000d7680000, 0x0000000100000000)
  eden space 25600K, 0% used [0x00000000d5580000,0x00000000d5580000,0x00000000d6e80000)
  from space 4096K, 99% used [0x00000000d7280000,0x00000000d767d790,0x00000000d7680000)
  to   space 4096K, 0% used [0x00000000d6e80000,0x00000000d6e80000,0x00000000d7280000)
 ParOldGen       total 68608K, used 1711K [0x0000000080000000, 0x0000000084300000, 0x00000000d5580000)
  object space 68608K, 2% used [0x0000000080000000,0x00000000801abf18,0x0000000084300000)
 Metaspace       used 7941K, committed 8192K, reserved 1114112K
  class space    used 828K, committed 960K, reserved 1048576K
}
Event: 31.299 GC heap before
{Heap before GC invocations=3 (full 0):
 PSYoungGen      total 29696K, used 29685K [0x00000000d5580000, 0x00000000d7680000, 0x0000000100000000)
  eden space 25600K, 100% used [0x00000000d5580000,0x00000000d6e80000,0x00000000d6e80000)
  from space 4096K, 99% used [0x00000000d7280000,0x00000000d767d790,0x00000000d7680000)
  to   space 4096K, 0% used [0x00000000d6e80000,0x00000000d6e80000,0x00000000d7280000)
 ParOldGen       total 68608K, used 1711K [0x0000000080000000, 0x0000000084300000, 0x00000000d5580000)
  object space 68608K, 2% used [0x0000000080000000,0x00000000801abf18,0x0000000084300000)
 Metaspace       used 9385K, committed 9664K, reserved 1114112K
  class space    used 1006K, committed 1152K, reserved 1048576K
}
Event: 31.310 GC heap after
{Heap after GC invocations=3 (full 0):
 PSYoungGen      total 29696K, used 4085K [0x00000000d5580000, 0x00000000d7680000, 0x0000000100000000)
  eden space 25600K, 0% used [0x00000000d5580000,0x00000000d5580000,0x00000000d6e80000)
  from space 4096K, 99% used [0x00000000d6e80000,0x00000000d727d6d0,0x00000000d7280000)
  to   space 4096K, 0% used [0x00000000d7280000,0x00000000d7280000,0x00000000d7680000)
 ParOldGen       total 68608K, used 4478K [0x0000000080000000, 0x0000000084300000, 0x00000000d5580000)
  object space 68608K, 6% used [0x0000000080000000,0x000000008045fa48,0x0000000084300000)
 Metaspace       used 9385K, committed 9664K, reserved 1114112K
  class space    used 1006K, committed 1152K, reserved 1048576K
}
Event: 49.665 GC heap before
{Heap before GC invocations=4 (full 0):
 PSYoungGen      total 29696K, used 29685K [0x00000000d5580000, 0x00000000d7680000, 0x0000000100000000)
  eden space 25600K, 100% used [0x00000000d5580000,0x00000000d6e80000,0x00000000d6e80000)
  from space 4096K, 99% used [0x00000000d6e80000,0x00000000d727d6d0,0x00000000d7280000)
  to   space 4096K, 0% used [0x00000000d7280000,0x00000000d7280000,0x00000000d7680000)
 ParOldGen       total 68608K, used 4478K [0x0000000080000000, 0x0000000084300000, 0x00000000d5580000)
  object space 68608K, 6% used [0x0000000080000000,0x000000008045fa48,0x0000000084300000)
 Metaspace       used 11778K, committed 12096K, reserved 1114112K
  class space    used 1235K, committed 1408K, reserved 1048576K
}
Event: 49.679 GC heap after
{Heap after GC invocations=4 (full 0):
 PSYoungGen      total 29696K, used 4084K [0x00000000d5580000, 0x00000000d7680000, 0x0000000100000000)
  eden space 25600K, 0% used [0x00000000d5580000,0x00000000d5580000,0x00000000d6e80000)
  from space 4096K, 99% used [0x00000000d7280000,0x00000000d767d280,0x00000000d7680000)
  to   space 4096K, 0% used [0x00000000d6e80000,0x00000000d6e80000,0x00000000d7280000)
 ParOldGen       total 68608K, used 6560K [0x0000000080000000, 0x0000000084300000, 0x00000000d5580000)
  object space 68608K, 9% used [0x0000000080000000,0x0000000080668340,0x0000000084300000)
 Metaspace       used 11778K, committed 12096K, reserved 1114112K
  class space    used 1235K, committed 1408K, reserved 1048576K
}
Event: 52.351 GC heap before
{Heap before GC invocations=5 (full 0):
 PSYoungGen      total 29696K, used 29684K [0x00000000d5580000, 0x00000000d7680000, 0x0000000100000000)
  eden space 25600K, 100% used [0x00000000d5580000,0x00000000d6e80000,0x00000000d6e80000)
  from space 4096K, 99% used [0x00000000d7280000,0x00000000d767d280,0x00000000d7680000)
  to   space 4096K, 0% used [0x00000000d6e80000,0x00000000d6e80000,0x00000000d7280000)
 ParOldGen       total 68608K, used 6560K [0x0000000080000000, 0x0000000084300000, 0x00000000d5580000)
  object space 68608K, 9% used [0x0000000080000000,0x0000000080668340,0x0000000084300000)
 Metaspace       used 14967K, committed 15552K, reserved 1114112K
  class space    used 1520K, committed 1792K, reserved 1048576K
}
Event: 54.363 GC heap after
{Heap after GC invocations=5 (full 0):
 PSYoungGen      total 29696K, used 4090K [0x00000000d5580000, 0x00000000d7680000, 0x0000000100000000)
  eden space 25600K, 0% used [0x00000000d5580000,0x00000000d5580000,0x00000000d6e80000)
  from space 4096K, 99% used [0x00000000d6e80000,0x00000000d727e818,0x00000000d7280000)
  to   space 4096K, 0% used [0x00000000d7280000,0x00000000d7280000,0x00000000d7680000)
 ParOldGen       total 68608K, used 7892K [0x0000000080000000, 0x0000000084300000, 0x00000000d5580000)
  object space 68608K, 11% used [0x0000000080000000,0x00000000807b5238,0x0000000084300000)
 Metaspace       used 14967K, committed 15552K, reserved 1114112K
  class space    used 1520K, committed 1792K, reserved 1048576K
}
Event: 74.040 GC heap before
{Heap before GC invocations=6 (full 0):
 PSYoungGen      total 29696K, used 29690K [0x00000000d5580000, 0x00000000d7680000, 0x0000000100000000)
  eden space 25600K, 100% used [0x00000000d5580000,0x00000000d6e80000,0x00000000d6e80000)
  from space 4096K, 99% used [0x00000000d6e80000,0x00000000d727e818,0x00000000d7280000)
  to   space 4096K, 0% used [0x00000000d7280000,0x00000000d7280000,0x00000000d7680000)
 ParOldGen       total 68608K, used 7892K [0x0000000080000000, 0x0000000084300000, 0x00000000d5580000)
  object space 68608K, 11% used [0x0000000080000000,0x00000000807b5238,0x0000000084300000)
 Metaspace       used 18545K, committed 19264K, reserved 1114112K
  class space    used 1910K, committed 2240K, reserved 1048576K
}
Event: 74.049 GC heap after
{Heap after GC invocations=6 (full 0):
 PSYoungGen      total 27648K, used 4088K [0x00000000d5580000, 0x00000000d7a00000, 0x0000000100000000)
  eden space 23552K, 0% used [0x00000000d5580000,0x00000000d5580000,0x00000000d6c80000)
  from space 4096K, 99% used [0x00000000d7280000,0x00000000d767e100,0x00000000d7680000)
  to   space 6144K, 0% used [0x00000000d6c80000,0x00000000d6c80000,0x00000000d7280000)
 ParOldGen       total 68608K, used 9420K [0x0000000080000000, 0x0000000084300000, 0x00000000d5580000)
  object space 68608K, 13% used [0x0000000080000000,0x00000000809330b8,0x0000000084300000)
 Metaspace       used 18545K, committed 19264K, reserved 1114112K
  class space    used 1910K, committed 2240K, reserved 1048576K
}

Dll operation events (10 events):
Event: 0.100 Loaded shared library c:\Users\irisrodrigues-ieg\.vscode\extensions\redhat.java-1.46.0-win32-x64\jre\21.0.8-win32-x86_64\bin\java.dll
Event: 0.210 Loaded shared library c:\Users\irisrodrigues-ieg\.vscode\extensions\redhat.java-1.46.0-win32-x64\jre\21.0.8-win32-x86_64\bin\zip.dll
Event: 0.247 Loaded shared library C:\Users\irisrodrigues-ieg\.vscode\extensions\redhat.java-1.46.0-win32-x64\jre\21.0.8-win32-x86_64\bin\instrument.dll
Event: 0.258 Loaded shared library C:\Users\irisrodrigues-ieg\.vscode\extensions\redhat.java-1.46.0-win32-x64\jre\21.0.8-win32-x86_64\bin\net.dll
Event: 0.262 Loaded shared library C:\Users\irisrodrigues-ieg\.vscode\extensions\redhat.java-1.46.0-win32-x64\jre\21.0.8-win32-x86_64\bin\nio.dll
Event: 0.267 Loaded shared library C:\Users\irisrodrigues-ieg\.vscode\extensions\redhat.java-1.46.0-win32-x64\jre\21.0.8-win32-x86_64\bin\zip.dll
Event: 0.291 Loaded shared library C:\Users\irisrodrigues-ieg\.vscode\extensions\redhat.java-1.46.0-win32-x64\jre\21.0.8-win32-x86_64\bin\jimage.dll
Event: 0.395 Loaded shared library c:\Users\irisrodrigues-ieg\.vscode\extensions\redhat.java-1.46.0-win32-x64\jre\21.0.8-win32-x86_64\bin\verify.dll
Event: 24.662 Loaded shared library C:\Users\irisrodrigues-ieg\AppData\Roaming\Code\User\globalStorage\redhat.java\1.46.0\config_win\org.eclipse.equinox.launcher\org.eclipse.equinox.launcher.win32.win32.x86_64_1.2.1400.v20250801-0854\eclipse_11916.dll
Event: 71.493 Loaded shared library C:\Users\irisrodrigues-ieg\AppData\Local\Temp\jna--732788059\jna2523638293996777323.dll

Deoptimization events (20 events):
Event: 74.049 Thread 0x000001c853f59d70 Uncommon trap: trap_request=0xffffff45 fr.pc=0x000001c85ecede8c relative=0x00000000000000ec
Event: 74.049 Thread 0x000001c853f59d70 Uncommon trap: reason=unstable_if action=reinterpret pc=0x000001c85ecede8c method=java.util.concurrent.locks.ReentrantLock$NonfairSync.initialTryLock()Z @ 25 c2
Event: 74.049 Thread 0x000001c853f59d70 DEOPT PACKING pc=0x000001c85ecede8c sp=0x000000ba8e9ff230
Event: 74.049 Thread 0x000001c853f59d70 DEOPT UNPACKING pc=0x000001c85e663aa2 sp=0x000000ba8e9ff0f8 mode 2
Event: 74.051 Thread 0x000001c87180b3d0 Uncommon trap: trap_request=0xffffff45 fr.pc=0x000001c85ed1eb6c relative=0x000000000000016c
Event: 74.051 Thread 0x000001c87180b3d0 Uncommon trap: reason=unstable_if action=reinterpret pc=0x000001c85ed1eb6c method=java.util.WeakHashMap.expungeStaleEntries()V @ 9 c2
Event: 74.051 Thread 0x000001c87180b3d0 DEOPT PACKING pc=0x000001c85ed1eb6c sp=0x000000ba8f5f23d0
Event: 74.051 Thread 0x000001c87180b3d0 DEOPT UNPACKING pc=0x000001c85e663aa2 sp=0x000000ba8f5f2348 mode 2
Event: 74.169 Thread 0x000001c87180b3d0 Uncommon trap: trap_request=0xffffffde fr.pc=0x000001c85ed03470 relative=0x0000000000000050
Event: 74.169 Thread 0x000001c87180b3d0 Uncommon trap: reason=class_check action=maybe_recompile pc=0x000001c85ed03470 method=java.lang.invoke.DirectMethodHandle.internalMemberName(Ljava/lang/Object;)Ljava/lang/Object; @ 1 c2
Event: 74.169 Thread 0x000001c87180b3d0 DEOPT PACKING pc=0x000001c85ed03470 sp=0x000000ba8f5f38c0
Event: 74.169 Thread 0x000001c87180b3d0 DEOPT UNPACKING pc=0x000001c85e663aa2 sp=0x000000ba8f5f3850 mode 2
Event: 74.169 Thread 0x000001c87180b3d0 Uncommon trap: trap_request=0xffffffde fr.pc=0x000001c85ed03470 relative=0x0000000000000050
Event: 74.169 Thread 0x000001c87180b3d0 Uncommon trap: reason=class_check action=maybe_recompile pc=0x000001c85ed03470 method=java.lang.invoke.DirectMethodHandle.internalMemberName(Ljava/lang/Object;)Ljava/lang/Object; @ 1 c2
Event: 74.169 Thread 0x000001c87180b3d0 DEOPT PACKING pc=0x000001c85ed03470 sp=0x000000ba8f5f3960
Event: 74.169 Thread 0x000001c87180b3d0 DEOPT UNPACKING pc=0x000001c85e663aa2 sp=0x000000ba8f5f38f0 mode 2
Event: 74.169 Thread 0x000001c87180b3d0 Uncommon trap: trap_request=0xffffffde fr.pc=0x000001c85ed03470 relative=0x0000000000000050
Event: 74.169 Thread 0x000001c87180b3d0 Uncommon trap: reason=class_check action=maybe_recompile pc=0x000001c85ed03470 method=java.lang.invoke.DirectMethodHandle.internalMemberName(Ljava/lang/Object;)Ljava/lang/Object; @ 1 c2
Event: 74.169 Thread 0x000001c87180b3d0 DEOPT PACKING pc=0x000001c85ed03470 sp=0x000000ba8f5f3960
Event: 74.169 Thread 0x000001c87180b3d0 DEOPT UNPACKING pc=0x000001c85e663aa2 sp=0x000000ba8f5f38f0 mode 2

Classes loaded (20 events):
Event: 71.679 Loading class java/lang/ThreadDeath
Event: 71.681 Loading class java/lang/ThreadDeath done
Event: 71.705 Loading class java/util/stream/SortedOps$SizedRefSortingSink
Event: 71.706 Loading class java/util/stream/SortedOps$SizedRefSortingSink done
Event: 71.783 Loading class java/util/concurrent/atomic/Striped64$1
Event: 71.783 Loading class java/util/concurrent/atomic/Striped64$1 done
Event: 73.944 Loading class java/util/BitSet
Event: 73.945 Loading class java/util/BitSet done
Event: 73.958 Loading class sun/net/www/protocol/jrt/JavaRuntimeURLConnection
Event: 73.960 Loading class sun/net/www/protocol/jrt/JavaRuntimeURLConnection done
Event: 73.961 Loading class sun/net/www/protocol/jrt/JavaRuntimeURLConnection$1
Event: 73.961 Loading class sun/net/www/protocol/jrt/JavaRuntimeURLConnection$1 done
Event: 74.020 Loading class java/util/function/UnaryOperator
Event: 74.021 Loading class java/util/function/UnaryOperator done
Event: 74.024 Loading class java/util/ServiceConfigurationError
Event: 74.024 Loading class java/util/ServiceConfigurationError done
Event: 74.065 Loading class java/lang/InheritableThreadLocal
Event: 74.065 Loading class java/lang/InheritableThreadLocal done
Event: 74.157 Loading class java/security/AccessControlException
Event: 74.158 Loading class java/security/AccessControlException done

Classes unloaded (0 events):
No events

Classes redefined (0 events):
No events

Internal exceptions (20 events):
Event: 58.639 Thread 0x000001c87180b3d0 Exception <a 'java/lang/NoSuchMethodError'{0x00000000d5fb29b8}: 'java.lang.Object java.lang.invoke.DirectMethodHandle$Holder.invokeStaticInit(java.lang.Object, int)'> (0x00000000d5fb29b8) 
thrown [s\src\hotspot\share\interpreter\linkResolver.cpp, line 773]
Event: 64.816 Thread 0x000001c87180b3d0 Exception <a 'java/lang/NoSuchMethodError'{0x00000000d62a6180}: 'java.lang.Object java.lang.invoke.DirectMethodHandle$Holder.invokeStaticInit(java.lang.Object, int, int, int, int)'> (0x00000000d62a6180) 
thrown [s\src\hotspot\share\interpreter\linkResolver.cpp, line 773]
Event: 71.094 Thread 0x000001c87180b3d0 Exception <a 'java/lang/NoSuchMethodError'{0x00000000d641ce50}: 'java.lang.Object java.lang.invoke.DirectMethodHandle$Holder.invokeStaticInit(java.lang.Object, java.lang.Object, int, int, int, int)'> (0x00000000d641ce50) 
thrown [s\src\hotspot\share\interpreter\linkResolver.cpp, line 773]
Event: 71.558 Thread 0x000001c87180b3d0 Exception <a 'java/lang/NoSuchMethodError'{0x00000000d6530668}: 'void java.lang.invoke.DirectMethodHandle$Holder.invokeSpecial(java.lang.Object, java.lang.Object, java.lang.Object, int)'> (0x00000000d6530668) 
thrown [s\src\hotspot\share\interpreter\linkResolver.cpp, line 773]
Event: 71.559 Thread 0x000001c87180b3d0 Exception <a 'java/lang/NoSuchMethodError'{0x00000000d6533fe8}: 'void java.lang.invoke.DelegatingMethodHandle$Holder.reinvoke_L(java.lang.Object, java.lang.Object, int)'> (0x00000000d6533fe8) 
thrown [s\src\hotspot\share\interpreter\linkResolver.cpp, line 773]
Event: 71.560 Thread 0x000001c87180b3d0 Exception <a 'java/lang/NoSuchMethodError'{0x00000000d653ac30}: 'int java.lang.invoke.Invokers$Holder.invokeExact_MT(java.lang.Object, java.lang.Object, java.lang.Object)'> (0x00000000d653ac30) 
thrown [s\src\hotspot\share\interpreter\linkResolver.cpp, line 773]
Event: 71.611 Thread 0x000001c87180b3d0 Exception <a 'java/lang/NoSuchMethodError'{0x00000000d665a758}: 'void java.lang.invoke.Invokers$Holder.invokeExact_MT(java.lang.Object, java.lang.Object, int, java.lang.Object)'> (0x00000000d665a758) 
thrown [s\src\hotspot\share\interpreter\linkResolver.cpp, line 773]
Event: 71.673 Thread 0x000001c87180b3d0 Exception <a 'java/lang/NoSuchMethodError'{0x00000000d676bcc8}: 'java.lang.Object java.lang.invoke.DirectMethodHandle$Holder.invokeSpecial(java.lang.Object, java.lang.Object, java.lang.Object, long, java.lang.Object)'> (0x00000000d676bcc8) 
thrown [s\src\hotspot\share\interpreter\linkResolver.cpp, line 773]
Event: 71.674 Thread 0x000001c87180b3d0 Exception <a 'java/lang/NoSuchMethodError'{0x00000000d67733d0}: 'java.lang.Object java.lang.invoke.DirectMethodHandle$Holder.newInvokeSpecial(java.lang.Object, java.lang.Object, java.lang.Object, long)'> (0x00000000d67733d0) 
thrown [s\src\hotspot\share\interpreter\linkResolver.cpp, line 773]
Event: 71.675 Thread 0x000001c87180b3d0 Exception <a 'java/lang/NoSuchMethodError'{0x00000000d6777720}: 'java.lang.Object java.lang.invoke.DirectMethodHandle$Holder.invokeSpecial(java.lang.Object, java.lang.Object, java.lang.Object, java.lang.Object, long)'> (0x00000000d6777720) 
thrown [s\src\hotspot\share\interpreter\linkResolver.cpp, line 773]
Event: 71.676 Thread 0x000001c87180b3d0 Exception <a 'java/lang/NoSuchMethodError'{0x00000000d677b330}: 'java.lang.Object java.lang.invoke.Invokers$Holder.linkToTargetMethod(java.lang.Object, java.lang.Object, long, java.lang.Object)'> (0x00000000d677b330) 
thrown [s\src\hotspot\share\interpreter\linkResolver.cpp, line 773]
Event: 71.700 Thread 0x000001c87180b3d0 Exception <a 'java/lang/NoSuchMethodError'{0x00000000d67dcf88}: 'int java.lang.invoke.DirectMethodHandle$Holder.invokeStaticInit(java.lang.Object, java.lang.Object, java.lang.Object)'> (0x00000000d67dcf88) 
thrown [s\src\hotspot\share\interpreter\linkResolver.cpp, line 773]
Event: 71.735 Thread 0x000001c87180b3d0 Exception <a 'java/lang/IncompatibleClassChangeError'{0x00000000d68938a8}: Found class java.lang.Object, but interface was expected> (0x00000000d68938a8) 
thrown [s\src\hotspot\share\interpreter\linkResolver.cpp, line 840]
Event: 71.743 Thread 0x000001c87180b3d0 Exception <a 'java/lang/NoSuchMethodError'{0x00000000d68a3ba0}: 'java.lang.Object java.lang.invoke.DirectMethodHandle$Holder.invokeSpecial(java.lang.Object, java.lang.Object, java.lang.Object, int, java.lang.Object, java.lang.Object)'> (0x00000000d68a3ba0) 
thrown [s\src\hotspot\share\interpreter\linkResolver.cpp, line 773]
Event: 71.745 Thread 0x000001c87180b3d0 Exception <a 'java/lang/NoSuchMethodError'{0x00000000d68ab510}: 'java.lang.Object java.lang.invoke.DirectMethodHandle$Holder.newInvokeSpecial(java.lang.Object, java.lang.Object, java.lang.Object, int, java.lang.Object)'> (0x00000000d68ab510) 
thrown [s\src\hotspot\share\interpreter\linkResolver.cpp, line 773]
Event: 71.746 Thread 0x000001c87180b3d0 Exception <a 'java/lang/NoSuchMethodError'{0x00000000d68af450}: 'java.lang.Object java.lang.invoke.DirectMethodHandle$Holder.invokeSpecial(java.lang.Object, java.lang.Object, java.lang.Object, java.lang.Object, int, java.lang.Object)'> (0x00000000d68af450) 
thrown [s\src\hotspot\share\interpreter\linkResolver.cpp, line 773]
Event: 71.747 Thread 0x000001c87180b3d0 Exception <a 'java/lang/NoSuchMethodError'{0x00000000d68b2f80}: 'java.lang.Object java.lang.invoke.Invokers$Holder.linkToTargetMethod(java.lang.Object, java.lang.Object, int, java.lang.Object, java.lang.Object)'> (0x00000000d68b2f80) 
thrown [s\src\hotspot\share\interpreter\linkResolver.cpp, line 773]
Event: 71.751 Thread 0x000001c873c1cd10 Exception <a 'java/lang/NoSuchMethodError'{0x00000000d67e1d38}: 'java.lang.Object java.lang.invoke.DirectMethodHandle$Holder.invokeSpecial(java.lang.Object, java.lang.Object, int, java.lang.Object, java.lang.Object)'> (0x00000000d67e1d38) 
thrown [s\src\hotspot\share\interpreter\linkResolver.cpp, line 773]
Event: 71.789 Thread 0x000001c87180b3d0 Exception <a 'java/lang/NoSuchMethodError'{0x00000000d69ab3d8}: 'void java.lang.invoke.DirectMethodHandle$Holder.invokeSpecial(java.lang.Object, java.lang.Object, java.lang.Object, java.lang.Object, java.lang.Object)'> (0x00000000d69ab3d8) 
thrown [s\src\hotspot\share\interpreter\linkResolver.cpp, line 773]
Event: 74.167 Thread 0x000001c87180b3d0 Exception <a 'java/lang/NoSuchMethodError'{0x00000000d5891698}: 'java.lang.Object java.lang.invoke.DirectMethodHandle$Holder.invokeInterface(java.lang.Object, java.lang.Object, java.lang.Object)'> (0x00000000d5891698) 
thrown [s\src\hotspot\share\interpreter\linkResolver.cpp, line 773]

ZGC Phase Switch (0 events):
No events

VM Operations (20 events):
Event: 68.869 Executing VM operation: Cleanup
Event: 68.948 Executing VM operation: Cleanup done
Event: 70.011 Executing VM operation: HandshakeAllThreads (Deoptimize)
Event: 70.011 Executing VM operation: HandshakeAllThreads (Deoptimize) done
Event: 71.013 Executing VM operation: Cleanup
Event: 71.013 Executing VM operation: Cleanup done
Event: 71.520 Executing VM operation: HandshakeAllThreads (Deoptimize)
Event: 71.520 Executing VM operation: HandshakeAllThreads (Deoptimize) done
Event: 72.535 Executing VM operation: Cleanup
Event: 73.911 Executing VM operation: Cleanup done
Event: 73.963 Executing VM operation: HandshakeAllThreads (Deoptimize)
Event: 73.963 Executing VM operation: HandshakeAllThreads (Deoptimize) done
Event: 74.040 Executing VM operation: ParallelGCFailedAllocation (Allocation Failure)
Event: 74.049 Executing VM operation: ParallelGCFailedAllocation (Allocation Failure) done
Event: 74.078 Executing VM operation: HandshakeAllThreads (Deoptimize)
Event: 74.078 Executing VM operation: HandshakeAllThreads (Deoptimize) done
Event: 74.090 Executing VM operation: HandshakeAllThreads (Deoptimize)
Event: 74.090 Executing VM operation: HandshakeAllThreads (Deoptimize) done
Event: 75.094 Executing VM operation: Cleanup
Event: 75.094 Executing VM operation: Cleanup done

Memory protections (0 events):
No events

Nmethod flushes (0 events):
No events

Events (20 events):
Event: 31.689 Thread 0x000001c87180b3d0 Thread added: 0x000001c8710e6e80
Event: 33.083 Thread 0x000001c86c87e920 Thread added: 0x000001c871120160
Event: 33.101 Thread 0x000001c86c88b570 Thread added: 0x000001c871710310
Event: 33.481 Thread 0x000001c871710310 Thread exited: 0x000001c871710310
Event: 33.522 Thread 0x000001c871120160 Thread exited: 0x000001c871120160
Event: 49.639 Thread 0x000001c87180b3d0 Thread added: 0x000001c8719a2840
Event: 51.305 Thread 0x000001c86c88b570 Thread added: 0x000001c8711c25a0
Event: 52.124 Thread 0x000001c8711c25a0 Thread exited: 0x000001c8711c25a0
Event: 52.142 Thread 0x000001c87180b3d0 Thread added: 0x000001c8711c25a0
Event: 57.179 Thread 0x000001c86c88b570 Thread added: 0x000001c86cb61830
Event: 59.723 Thread 0x000001c86cb61830 Thread exited: 0x000001c86cb61830
Event: 67.900 Thread 0x000001c86c88b570 Thread added: 0x000001c86cb61830
Event: 70.022 Thread 0x000001c86c88b570 Thread added: 0x000001c871b6f410
Event: 71.496 Thread 0x000001c871b6f410 Thread exited: 0x000001c871b6f410
Event: 71.578 Thread 0x000001c87180b3d0 Thread added: 0x000001c873ce8b70
Event: 71.686 Thread 0x000001c87180b3d0 Thread added: 0x000001c873c1cd10
Event: 71.750 Thread 0x000001c87180b3d0 Thread added: 0x000001c873c1b960
Event: 71.889 Thread 0x000001c86cb61830 Thread exited: 0x000001c86cb61830
Event: 73.911 Thread 0x000001c873c1b960 Thread added: 0x000001c873c1bff0
Event: 74.165 Thread 0x000001c86c88b570 Thread added: 0x000001c872894770


Dynamic libraries:
0x00007ff61ed30000 - 0x00007ff61ed3e000 	c:\Users\irisrodrigues-ieg\.vscode\extensions\redhat.java-1.46.0-win32-x64\jre\21.0.8-win32-x86_64\bin\java.exe
0x00007ffd00a00000 - 0x00007ffd00c69000 	C:\Windows\SYSTEM32\ntdll.dll
0x00007ffcff980000 - 0x00007ffcffa49000 	C:\Windows\System32\KERNEL32.DLL
0x00007ffcfe170000 - 0x00007ffcfe563000 	C:\Windows\System32\KERNELBASE.dll
0x00007ffcfdf70000 - 0x00007ffcfe0bb000 	C:\Windows\System32\ucrtbase.dll
0x00007ffcd71c0000 - 0x00007ffcd71d8000 	c:\Users\irisrodrigues-ieg\.vscode\extensions\redhat.java-1.46.0-win32-x64\jre\21.0.8-win32-x86_64\bin\jli.dll
0x00007ffcd6050000 - 0x00007ffcd606e000 	c:\Users\irisrodrigues-ieg\.vscode\extensions\redhat.java-1.46.0-win32-x64\jre\21.0.8-win32-x86_64\bin\VCRUNTIME140.dll
0x00007ffcfe900000 - 0x00007ffcfeac4000 	C:\Windows\System32\USER32.dll
0x00007ffcfdd10000 - 0x00007ffcfdd37000 	C:\Windows\System32\win32u.dll
0x00007ffcddfa0000 - 0x00007ffcde233000 	C:\Windows\WinSxS\amd64_microsoft.windows.common-controls_6595b64144ccf1df_6.0.26100.5074_none_3e0d6f78e32fd63f\COMCTL32.dll
0x00007ffcff660000 - 0x00007ffcff68b000 	C:\Windows\System32\GDI32.dll
0x00007ffcfee50000 - 0x00007ffcfeef9000 	C:\Windows\System32\msvcrt.dll
0x00007ffcfe570000 - 0x00007ffcfe69d000 	C:\Windows\System32\gdi32full.dll
0x00007ffcfe0c0000 - 0x00007ffcfe163000 	C:\Windows\System32\msvcp_win.dll
0x00007ffcff4f0000 - 0x00007ffcff51f000 	C:\Windows\System32\IMM32.DLL
0x00007ffcdf270000 - 0x00007ffcdf27c000 	c:\Users\irisrodrigues-ieg\.vscode\extensions\redhat.java-1.46.0-win32-x64\jre\21.0.8-win32-x86_64\bin\vcruntime140_1.dll
0x00007ffcad7d0000 - 0x00007ffcad85d000 	c:\Users\irisrodrigues-ieg\.vscode\extensions\redhat.java-1.46.0-win32-x64\jre\21.0.8-win32-x86_64\bin\msvcp140.dll
0x00007ffc80d50000 - 0x00007ffc81ae7000 	c:\Users\irisrodrigues-ieg\.vscode\extensions\redhat.java-1.46.0-win32-x64\jre\21.0.8-win32-x86_64\bin\server\jvm.dll
0x00007ffcfff10000 - 0x00007ffcfffc4000 	C:\Windows\System32\ADVAPI32.dll
0x00007ffd00720000 - 0x00007ffd007c6000 	C:\Windows\System32\sechost.dll
0x00007ffcfe7e0000 - 0x00007ffcfe8f8000 	C:\Windows\System32\RPCRT4.dll
0x00007ffd008e0000 - 0x00007ffd00954000 	C:\Windows\System32\WS2_32.dll
0x00007ffcfd9f0000 - 0x00007ffcfda4e000 	C:\Windows\SYSTEM32\POWRPROF.dll
0x00007ffce5820000 - 0x00007ffce582b000 	C:\Windows\SYSTEM32\VERSION.dll
0x00007ffcf9f50000 - 0x00007ffcf9f85000 	C:\Windows\SYSTEM32\WINMM.dll
0x00007ffcfd9d0000 - 0x00007ffcfd9e4000 	C:\Windows\SYSTEM32\UMPDC.dll
0x00007ffcfc930000 - 0x00007ffcfc94b000 	C:\Windows\SYSTEM32\kernel.appcore.dll
0x00007ffcdefd0000 - 0x00007ffcdefda000 	c:\Users\irisrodrigues-ieg\.vscode\extensions\redhat.java-1.46.0-win32-x64\jre\21.0.8-win32-x86_64\bin\jimage.dll
0x00007ffcfafe0000 - 0x00007ffcfb222000 	C:\Windows\SYSTEM32\DBGHELP.DLL
0x00007ffcfead0000 - 0x00007ffcfee4b000 	C:\Windows\System32\combase.dll
0x00007ffcffb80000 - 0x00007ffcffc57000 	C:\Windows\System32\OLEAUT32.dll
0x00007ffcdd300000 - 0x00007ffcdd33d000 	C:\Windows\SYSTEM32\dbgcore.DLL
0x00007ffcfe730000 - 0x00007ffcfe7c9000 	C:\Windows\System32\bcryptPrimitives.dll
0x00007ffceac00000 - 0x00007ffceac0f000 	c:\Users\irisrodrigues-ieg\.vscode\extensions\redhat.java-1.46.0-win32-x64\jre\21.0.8-win32-x86_64\bin\instrument.dll
0x00007ffcbc390000 - 0x00007ffcbc3af000 	c:\Users\irisrodrigues-ieg\.vscode\extensions\redhat.java-1.46.0-win32-x64\jre\21.0.8-win32-x86_64\bin\java.dll
0x00007ffcfffd0000 - 0x00007ffd0071d000 	C:\Windows\System32\SHELL32.dll
0x00007ffcfdd40000 - 0x00007ffcfdeac000 	C:\Windows\System32\wintypes.dll
0x00007ffcfb5a0000 - 0x00007ffcfbdf9000 	C:\Windows\SYSTEM32\windows.storage.dll
0x00007ffcff560000 - 0x00007ffcff650000 	C:\Windows\System32\SHCORE.dll
0x00007ffcffc60000 - 0x00007ffcffcc2000 	C:\Windows\System32\shlwapi.dll
0x00007ffcfdab0000 - 0x00007ffcfdad9000 	C:\Windows\SYSTEM32\profapi.dll
0x00007ffcbbbb0000 - 0x00007ffcbbbc8000 	c:\Users\irisrodrigues-ieg\.vscode\extensions\redhat.java-1.46.0-win32-x64\jre\21.0.8-win32-x86_64\bin\zip.dll
0x00007ffceabd0000 - 0x00007ffceabe0000 	C:\Users\irisrodrigues-ieg\.vscode\extensions\redhat.java-1.46.0-win32-x64\jre\21.0.8-win32-x86_64\bin\net.dll
0x00007ffcf6720000 - 0x00007ffcf683f000 	C:\Windows\SYSTEM32\WINHTTP.dll
0x00007ffcfce90000 - 0x00007ffcfcefb000 	C:\Windows\system32\mswsock.dll
0x00007ffcdd380000 - 0x00007ffcdd396000 	C:\Users\irisrodrigues-ieg\.vscode\extensions\redhat.java-1.46.0-win32-x64\jre\21.0.8-win32-x86_64\bin\nio.dll
0x00007ffce81b0000 - 0x00007ffce81c0000 	c:\Users\irisrodrigues-ieg\.vscode\extensions\redhat.java-1.46.0-win32-x64\jre\21.0.8-win32-x86_64\bin\verify.dll
0x00007ffcc3ab0000 - 0x00007ffcc3af4000 	C:\Users\irisrodrigues-ieg\AppData\Roaming\Code\User\globalStorage\redhat.java\1.46.0\config_win\org.eclipse.equinox.launcher\org.eclipse.equinox.launcher.win32.win32.x86_64_1.2.1400.v20250801-0854\eclipse_11916.dll
0x00007ffcffd70000 - 0x00007ffcfff08000 	C:\Windows\System32\ole32.dll
0x00007ffcfd260000 - 0x00007ffcfd27b000 	C:\Windows\SYSTEM32\CRYPTSP.dll
0x00007ffcfc890000 - 0x00007ffcfc8cb000 	C:\Windows\system32\rsaenh.dll
0x00007ffcfcf30000 - 0x00007ffcfcf5b000 	C:\Windows\SYSTEM32\USERENV.dll
0x00007ffcfda80000 - 0x00007ffcfdaa6000 	C:\Windows\SYSTEM32\bcrypt.dll
0x00007ffcfd0c0000 - 0x00007ffcfd0cc000 	C:\Windows\SYSTEM32\CRYPTBASE.dll
0x00007ffcfc120000 - 0x00007ffcfc154000 	C:\Windows\SYSTEM32\IPHLPAPI.DLL
0x00007ffcffa60000 - 0x00007ffcffa6a000 	C:\Windows\System32\NSI.dll
0x00007ffcc3b60000 - 0x00007ffcc3ba9000 	C:\Users\irisrodrigues-ieg\AppData\Local\Temp\jna--732788059\jna2523638293996777323.dll
0x00007ffd008d0000 - 0x00007ffd008d8000 	C:\Windows\System32\PSAPI.DLL

JVMTI agents:
c:\Users\irisrodrigues-ieg\.vscode\extensions\redhat.java-1.46.0-win32-x64\lombok\lombok-1.18.39-4050.jar path:c:\Users\irisrodrigues-ieg\.vscode\extensions\redhat.java-1.46.0-win32-x64\jre\21.0.8-win32-x86_64\bin\instrument.dll, loaded, initialized, instrumentlib options:none

dbghelp: loaded successfully - version: 4.0.5 - missing functions: none
symbol engine: initialized successfully - sym options: 0x614 - pdb path: .;c:\Users\irisrodrigues-ieg\.vscode\extensions\redhat.java-1.46.0-win32-x64\jre\21.0.8-win32-x86_64\bin;C:\Windows\SYSTEM32;C:\Windows\WinSxS\amd64_microsoft.windows.common-controls_6595b64144ccf1df_6.0.26100.5074_none_3e0d6f78e32fd63f;c:\Users\irisrodrigues-ieg\.vscode\extensions\redhat.java-1.46.0-win32-x64\jre\21.0.8-win32-x86_64\bin\server;C:\Users\irisrodrigues-ieg\AppData\Roaming\Code\User\globalStorage\redhat.java\1.46.0\config_win\org.eclipse.equinox.launcher\org.eclipse.equinox.launcher.win32.win32.x86_64_1.2.1400.v20250801-0854;C:\Users\irisrodrigues-ieg\AppData\Local\Temp\jna--732788059

VM Arguments:
jvm_args: --add-modules=ALL-SYSTEM --add-opens=java.base/java.util=ALL-UNNAMED --add-opens=java.base/java.lang=ALL-UNNAMED --add-opens=java.base/sun.nio.fs=ALL-UNNAMED -Declipse.application=org.eclipse.jdt.ls.core.id1 -Dosgi.bundles.defaultStartLevel=4 -Declipse.product=org.eclipse.jdt.ls.core.product -Djava.import.generatesMetadataFilesAtProjectRoot=false -DDetectVMInstallationsJob.disabled=true -Dfile.encoding=utf8 -XX:+UseParallelGC -XX:GCTimeRatio=4 -XX:AdaptiveSizePolicyWeight=90 -Dsun.zip.disableMemoryMapping=true -Xmx2G -Xms100m -Xlog:disable -javaagent:c:\Users\irisrodrigues-ieg\.vscode\extensions\redhat.java-1.46.0-win32-x64\lombok\lombok-1.18.39-4050.jar -XX:+HeapDumpOnOutOfMemoryError -XX:HeapDumpPath=c:\Users\irisrodrigues-ieg\AppData\Roaming\Code\User\workspaceStorage\e846d9b75314f79555a0b9915ae082f2\redhat.java -Daether.dependencyCollector.impl=bf 
java_command: c:\Users\irisrodrigues-ieg\.vscode\extensions\redhat.java-1.46.0-win32-x64\server\plugins\org.eclipse.equinox.launcher_1.7.0.v20250519-0528.jar -configuration c:\Users\irisrodrigues-ieg\AppData\Roaming\Code\User\globalStorage\redhat.java\1.46.0\config_win -data c:\Users\irisrodrigues-ieg\AppData\Roaming\Code\User\workspaceStorage\e846d9b75314f79555a0b9915ae082f2\redhat.java\jdt_ws --pipe=\\.\pipe\lsp-d24b625e4484c7d0068cd0cc1a3a7718-sock
java_class_path (initial): c:\Users\irisrodrigues-ieg\.vscode\extensions\redhat.java-1.46.0-win32-x64\server\plugins\org.eclipse.equinox.launcher_1.7.0.v20250519-0528.jar
Launcher Type: SUN_STANDARD

[Global flags]
    uintx AdaptiveSizePolicyWeight                 = 90                                        {product} {command line}
     intx CICompilerCount                          = 4                                         {product} {ergonomic}
    uintx GCTimeRatio                              = 4                                         {product} {command line}
     bool HeapDumpOnOutOfMemoryError               = true                                   {manageable} {command line}
    ccstr HeapDumpPath                             = c:\Users\irisrodrigues-ieg\AppData\Roaming\Code\User\workspaceStorage\e846d9b75314f79555a0b9915ae082f2\redhat.java         {manageable} {command line}
   size_t InitialHeapSize                          = 104857600                                 {product} {command line}
   size_t MaxHeapSize                              = 2147483648                                {product} {command line}
   size_t MaxNewSize                               = 715653120                                 {product} {ergonomic}
   size_t MinHeapDeltaBytes                        = 524288                                    {product} {ergonomic}
   size_t MinHeapSize                              = 104857600                                 {product} {command line}
   size_t NewSize                                  = 34603008                                  {product} {ergonomic}
    uintx NonNMethodCodeHeapSize                   = 5839372                                {pd product} {ergonomic}
    uintx NonProfiledCodeHeapSize                  = 122909434                              {pd product} {ergonomic}
   size_t OldSize                                  = 70254592                                  {product} {ergonomic}
    uintx ProfiledCodeHeapSize                     = 122909434                              {pd product} {ergonomic}
    uintx ReservedCodeCacheSize                    = 251658240                              {pd product} {ergonomic}
     bool SegmentedCodeCache                       = true                                      {product} {ergonomic}
   size_t SoftMaxHeapSize                          = 2147483648                             {manageable} {ergonomic}
     bool UseCompressedOops                        = true                           {product lp64_product} {ergonomic}
     bool UseLargePagesIndividualAllocation        = false                                  {pd product} {ergonomic}
     bool UseParallelGC                            = true                                      {product} {command line}

Logging:
Log output configuration:
 #0: stdout all=off uptime,level,tags foldmultilines=false
 #1: stderr all=off uptime,level,tags foldmultilines=false

Environment Variables:
PATH=C:\Program Files\Python311\Scripts\;C:\Program Files\Python311\;C:\Program Files\Common Files\Oracle\Java\javapath;C:\Windows\system32;C:\Windows;C:\Windows\System32\Wbem;C:\Windows\System32\WindowsPowerShell\v1.0\;C:\Windows\System32\OpenSSH\;C:\Program Files\dotnet\;C:\Program Files\nodejs\;C:\Program Files\Docker\Docker\resources\bin;C:\Program Files (x86)\Microsoft SQL Server\160\Tools\Binn\;C:\Program Files\Microsoft SQL Server\160\Tools\Binn\;C:\Program Files\Microsoft SQL Server\Client SDK\ODBC\170\Tools\Binn\;C:\Program Files\Microsoft SQL Server\160\DTS\Binn\;C:\Program Files (x86)\Microsoft SQL Server\160\DTS\Binn\;C:\Program Files\Microsoft VS Code\bin;C:\Program Files\Azure Data Studio\bin;C:\Users\irisrodrigues-ieg\AppData\Local\Microsoft\WindowsApps;C:\Users\irisrodrigues-ieg\AppData\Local\Programs\Git\cmd
USERNAME=irisrodrigues-ieg
OS=Windows_NT
PROCESSOR_IDENTIFIER=Intel64 Family 6 Model 154 Stepping 4, GenuineIntel
TMP=C:\Users\IRISRO~1\AppData\Local\Temp
TEMP=C:\Users\IRISRO~1\AppData\Local\Temp




Periodic native trim disabled

---------------  S Y S T E M  ---------------

OS:
 Windows 11 , 64 bit Build 26100 (10.0.26100.5074)
OS uptime: 13 days 8:42 hours
Hyper-V role detected

CPU: total 12 (initial active 12) (6 cores per cpu, 2 threads per core) family 6 model 154 stepping 4 microcode 0x437, cx8, cmov, fxsr, ht, mmx, 3dnowpref, sse, sse2, sse3, ssse3, sse4.1, sse4.2, popcnt, lzcnt, tsc, tscinvbit, avx, avx2, aes, erms, clmul, bmi1, bmi2, adx, sha, fma, vzeroupper, clflush, clflushopt, clwb, hv, serialize, rdtscp, rdpid, fsrm, f16c, cet_ibt, cet_ss
Processor Information for processor 0
  Max Mhz: 1700, Current Mhz: 1700, Mhz Limit: 1700
Processor Information for processor 1
  Max Mhz: 1700, Current Mhz: 1700, Mhz Limit: 1700
Processor Information for processor 2
  Max Mhz: 1700, Current Mhz: 1700, Mhz Limit: 1700
Processor Information for processor 3
  Max Mhz: 1700, Current Mhz: 1457, Mhz Limit: 1700
Processor Information for processor 4
  Max Mhz: 1700, Current Mhz: 1700, Mhz Limit: 1700
Processor Information for processor 5
  Max Mhz: 1700, Current Mhz: 1558, Mhz Limit: 1700
Processor Information for processor 6
  Max Mhz: 1700, Current Mhz: 1558, Mhz Limit: 1700
Processor Information for processor 7
  Max Mhz: 1700, Current Mhz: 1558, Mhz Limit: 1700
Processor Information for processor 8
  Max Mhz: 1700, Current Mhz: 1558, Mhz Limit: 1700
Processor Information for processor 9
  Max Mhz: 1700, Current Mhz: 1558, Mhz Limit: 1700
Processor Information for processor 10
  Max Mhz: 1700, Current Mhz: 1700, Mhz Limit: 1700
Processor Information for processor 11
  Max Mhz: 1700, Current Mhz: 1558, Mhz Limit: 1700

Memory: 4k page, system-wide physical 16068M (1013M free)
TotalPageFile size 65220M (AvailPageFile size 226M)
current process WorkingSet (physical memory assigned to process): 120M, peak: 126M
current process commit charge ("private bytes"): 281M, peak: 284M

vm_info: OpenJDK 64-Bit Server VM (21.0.8+9-LTS) for windows-amd64 JRE (21.0.8+9-LTS), built on 2025-07-15T00:00:00Z by "admin" with MS VC++ 17.7 (VS2022)

END.
